<?xml version="1.0" encoding="UTF-8"?>
<!-- Generated by org.testng.reporters.JUnitReportReporter -->
<testsuite hostname="hp" failures="0" tests="1" name="test.GetPageTitleTest" time="20.703" errors="0" timestamp="2023-11-29T17:00:54 IST" skipped="0">
  <testcase classname="test.GetPageTitleTest" name="test" time="20.703"/>
  <system-out/>
</testsuite> <!-- test.GetPageTitleTest -->
